{"__type":"$$EventMessageAudit","id":"800e36c5-15a3-4981-816e-666c896113ec","ts":"2025-12-19T11:45:23.409+00:00","eventName":"n8n.audit.workflow.created","message":"n8n.audit.workflow.created","payload":{"userId":"e2f4d222-e080-406b-a748-2cbf49f18af0","_email":"guillermosiaira@gmail.com","_firstName":"Guillermo","_lastName":"Siaira","globalRole":"global:owner","workflowId":"aEF2nq6Bx4memgWa","workflowName":"My workflow"}}
{"__type":"$$EventMessageConfirm","confirm":"800e36c5-15a3-4981-816e-666c896113ec","ts":"2025-12-19T11:45:23.411+00:00","source":{"id":"0","name":"eventBus"}}
{"__type":"$$EventMessageAudit","id":"a5723f48-0654-4b9d-9259-eaba9cd5f69d","ts":"2025-12-19T11:45:24.052+00:00","eventName":"n8n.audit.workflow.created","message":"n8n.audit.workflow.created","payload":{"userId":"e2f4d222-e080-406b-a748-2cbf49f18af0","_email":"guillermosiaira@gmail.com","_firstName":"Guillermo","_lastName":"Siaira","globalRole":"global:owner","workflowId":"GgwMpoASv87xUTYU","workflowName":"My workflow"}}
{"__type":"$$EventMessageConfirm","confirm":"a5723f48-0654-4b9d-9259-eaba9cd5f69d","ts":"2025-12-19T11:45:24.052+00:00","source":{"id":"0","name":"eventBus"}}
{"__type":"$$EventMessageWorkflow","id":"6d23bbb9-9d77-43ad-86ba-dbb6ab06fb6d","ts":"2025-12-19T11:45:24.424+00:00","eventName":"n8n.workflow.started","message":"n8n.workflow.started","payload":{"executionId":"1","workflowId":"aEF2nq6Bx4memgWa","isManual":false,"workflowName":"My workflow"}}
{"__type":"$$EventMessageConfirm","confirm":"6d23bbb9-9d77-43ad-86ba-dbb6ab06fb6d","ts":"2025-12-19T11:45:24.424+00:00","source":{"id":"0","name":"eventBus"}}
{"__type":"$$EventMessageNode","id":"433f645b-a5c2-4a22-b7f0-7defcd4c0c54","ts":"2025-12-19T11:45:24.434+00:00","eventName":"n8n.node.started","message":"n8n.node.started","payload":{"workflowId":"aEF2nq6Bx4memgWa","workflowName":"My workflow","executionId":"1","nodeType":"n8n-nodes-base.manualTrigger","nodeName":"When clicking ‘Execute workflow’","nodeId":"2c3a6a46-efdb-4393-bc9d-fc27a82d9651"}}
{"__type":"$$EventMessageConfirm","confirm":"433f645b-a5c2-4a22-b7f0-7defcd4c0c54","ts":"2025-12-19T11:45:24.434+00:00","source":{"id":"0","name":"eventBus"}}
{"__type":"$$EventMessageNode","id":"26578a75-1f3a-4a91-9cc6-d8393c8d1633","ts":"2025-12-19T11:45:24.450+00:00","eventName":"n8n.node.finished","message":"n8n.node.finished","payload":{"workflowId":"aEF2nq6Bx4memgWa","workflowName":"My workflow","executionId":"1","nodeType":"n8n-nodes-base.manualTrigger","nodeName":"When clicking ‘Execute workflow’","nodeId":"2c3a6a46-efdb-4393-bc9d-fc27a82d9651"}}
{"__type":"$$EventMessageConfirm","confirm":"26578a75-1f3a-4a91-9cc6-d8393c8d1633","ts":"2025-12-19T11:45:24.450+00:00","source":{"id":"0","name":"eventBus"}}
{"__type":"$$EventMessageNode","id":"651afb63-64f4-431d-921a-3ffbce1e9852","ts":"2025-12-19T11:45:24.452+00:00","eventName":"n8n.node.started","message":"n8n.node.started","payload":{"workflowId":"aEF2nq6Bx4memgWa","workflowName":"My workflow","executionId":"1","nodeType":"n8n-nodes-base.readWriteFile","nodeName":"Read/Write Files from Disk","nodeId":"8a687587-a7f3-4ab0-83a3-9ff961c4ec07"}}
{"__type":"$$EventMessageConfirm","confirm":"651afb63-64f4-431d-921a-3ffbce1e9852","ts":"2025-12-19T11:45:24.452+00:00","source":{"id":"0","name":"eventBus"}}
{"__type":"$$EventMessageWorkflow","id":"0341e6ba-ebd4-4c44-845b-b44444554cf2","ts":"2025-12-19T11:45:24.565+00:00","eventName":"n8n.workflow.started","message":"n8n.workflow.started","payload":{"executionId":"2","workflowId":"GgwMpoASv87xUTYU","isManual":false,"workflowName":"My workflow"}}
{"__type":"$$EventMessageConfirm","confirm":"0341e6ba-ebd4-4c44-845b-b44444554cf2","ts":"2025-12-19T11:45:24.565+00:00","source":{"id":"0","name":"eventBus"}}
{"__type":"$$EventMessageNode","id":"00e3c0f1-7eb4-429d-9a2a-c4eb8ff8c0f5","ts":"2025-12-19T11:45:24.567+00:00","eventName":"n8n.node.started","message":"n8n.node.started","payload":{"workflowId":"GgwMpoASv87xUTYU","workflowName":"My workflow","executionId":"2","nodeType":"n8n-nodes-base.manualTrigger","nodeName":"When clicking ‘Execute workflow’","nodeId":"2c3a6a46-efdb-4393-bc9d-fc27a82d9651"}}
{"__type":"$$EventMessageConfirm","confirm":"00e3c0f1-7eb4-429d-9a2a-c4eb8ff8c0f5","ts":"2025-12-19T11:45:24.567+00:00","source":{"id":"0","name":"eventBus"}}
{"__type":"$$EventMessageNode","id":"7a2b8464-aec5-4fcb-ba43-3b04137426aa","ts":"2025-12-19T11:45:24.569+00:00","eventName":"n8n.node.finished","message":"n8n.node.finished","payload":{"workflowId":"GgwMpoASv87xUTYU","workflowName":"My workflow","executionId":"2","nodeType":"n8n-nodes-base.manualTrigger","nodeName":"When clicking ‘Execute workflow’","nodeId":"2c3a6a46-efdb-4393-bc9d-fc27a82d9651"}}
{"__type":"$$EventMessageConfirm","confirm":"7a2b8464-aec5-4fcb-ba43-3b04137426aa","ts":"2025-12-19T11:45:24.569+00:00","source":{"id":"0","name":"eventBus"}}
{"__type":"$$EventMessageNode","id":"0553442f-0a6d-44f6-9383-0fd36580c0cf","ts":"2025-12-19T11:45:24.581+00:00","eventName":"n8n.node.started","message":"n8n.node.started","payload":{"workflowId":"GgwMpoASv87xUTYU","workflowName":"My workflow","executionId":"2","nodeType":"n8n-nodes-base.readWriteFile","nodeName":"Read/Write Files from Disk","nodeId":"8a687587-a7f3-4ab0-83a3-9ff961c4ec07"}}
{"__type":"$$EventMessageConfirm","confirm":"0553442f-0a6d-44f6-9383-0fd36580c0cf","ts":"2025-12-19T11:45:24.581+00:00","source":{"id":"0","name":"eventBus"}}
{"__type":"$$EventMessageNode","id":"020c25bb-eb2e-46d5-bca9-a950be8b8e72","ts":"2025-12-19T11:45:24.604+00:00","eventName":"n8n.node.finished","message":"n8n.node.finished","payload":{"workflowId":"aEF2nq6Bx4memgWa","workflowName":"My workflow","executionId":"1","nodeType":"n8n-nodes-base.readWriteFile","nodeName":"Read/Write Files from Disk","nodeId":"8a687587-a7f3-4ab0-83a3-9ff961c4ec07"}}
{"__type":"$$EventMessageConfirm","confirm":"020c25bb-eb2e-46d5-bca9-a950be8b8e72","ts":"2025-12-19T11:45:24.605+00:00","source":{"id":"0","name":"eventBus"}}
{"__type":"$$EventMessageWorkflow","id":"83cd56fe-533a-44a7-b1bb-36fe77e43e53","ts":"2025-12-19T11:45:24.625+00:00","eventName":"n8n.workflow.success","message":"n8n.workflow.success","payload":{"userId":"e2f4d222-e080-406b-a748-2cbf49f18af0","executionId":"1","success":true,"isManual":true,"workflowId":"aEF2nq6Bx4memgWa","workflowName":"My workflow"}}
{"__type":"$$EventMessageConfirm","confirm":"83cd56fe-533a-44a7-b1bb-36fe77e43e53","ts":"2025-12-19T11:45:24.625+00:00","source":{"id":"0","name":"eventBus"}}
{"__type":"$$EventMessageNode","id":"434f84bc-0772-45f5-b73d-9197a2b0658d","ts":"2025-12-19T11:45:24.657+00:00","eventName":"n8n.node.finished","message":"n8n.node.finished","payload":{"workflowId":"GgwMpoASv87xUTYU","workflowName":"My workflow","executionId":"2","nodeType":"n8n-nodes-base.readWriteFile","nodeName":"Read/Write Files from Disk","nodeId":"8a687587-a7f3-4ab0-83a3-9ff961c4ec07"}}
{"__type":"$$EventMessageConfirm","confirm":"434f84bc-0772-45f5-b73d-9197a2b0658d","ts":"2025-12-19T11:45:24.657+00:00","source":{"id":"0","name":"eventBus"}}
{"__type":"$$EventMessageWorkflow","id":"1f4d8bf9-9b32-4166-bd31-bbd8ddc7e482","ts":"2025-12-19T11:45:24.669+00:00","eventName":"n8n.workflow.success","message":"n8n.workflow.success","payload":{"userId":"e2f4d222-e080-406b-a748-2cbf49f18af0","executionId":"2","success":true,"isManual":true,"workflowId":"GgwMpoASv87xUTYU","workflowName":"My workflow"}}
{"__type":"$$EventMessageConfirm","confirm":"1f4d8bf9-9b32-4166-bd31-bbd8ddc7e482","ts":"2025-12-19T11:45:24.669+00:00","source":{"id":"0","name":"eventBus"}}
{"__type":"$$EventMessageWorkflow","id":"6ec3c68b-d5d2-4d4b-ba1b-26c5b515f988","ts":"2025-12-19T11:51:51.419+00:00","eventName":"n8n.workflow.started","message":"n8n.workflow.started","payload":{"executionId":"3","workflowId":"GgwMpoASv87xUTYU","isManual":false,"workflowName":"My workflow"}}
{"__type":"$$EventMessageConfirm","confirm":"6ec3c68b-d5d2-4d4b-ba1b-26c5b515f988","ts":"2025-12-19T11:51:51.419+00:00","source":{"id":"0","name":"eventBus"}}
{"__type":"$$EventMessageNode","id":"21822042-40e9-433a-a1c0-2cb8e749f66e","ts":"2025-12-19T11:51:51.421+00:00","eventName":"n8n.node.started","message":"n8n.node.started","payload":{"workflowId":"GgwMpoASv87xUTYU","workflowName":"My workflow","executionId":"3","nodeType":"n8n-nodes-base.extractFromFile","nodeName":"Extract from File","nodeId":"0a35f6e6-3467-4c9a-afaa-5ae85f76e113"}}
{"__type":"$$EventMessageConfirm","confirm":"21822042-40e9-433a-a1c0-2cb8e749f66e","ts":"2025-12-19T11:51:51.422+00:00","source":{"id":"0","name":"eventBus"}}
{"__type":"$$EventMessageNode","id":"93a6a052-c3e1-4eb4-8bbb-29de14668530","ts":"2025-12-19T11:51:51.460+00:00","eventName":"n8n.node.finished","message":"n8n.node.finished","payload":{"workflowId":"GgwMpoASv87xUTYU","workflowName":"My workflow","executionId":"3","nodeType":"n8n-nodes-base.extractFromFile","nodeName":"Extract from File","nodeId":"0a35f6e6-3467-4c9a-afaa-5ae85f76e113"}}
{"__type":"$$EventMessageConfirm","confirm":"93a6a052-c3e1-4eb4-8bbb-29de14668530","ts":"2025-12-19T11:51:51.460+00:00","source":{"id":"0","name":"eventBus"}}
{"__type":"$$EventMessageWorkflow","id":"403f4b91-94da-43c2-a5ee-e11da23ceb59","ts":"2025-12-19T11:51:51.467+00:00","eventName":"n8n.workflow.success","message":"n8n.workflow.success","payload":{"userId":"e2f4d222-e080-406b-a748-2cbf49f18af0","executionId":"3","success":true,"isManual":true,"workflowId":"GgwMpoASv87xUTYU","workflowName":"My workflow"}}
{"__type":"$$EventMessageConfirm","confirm":"403f4b91-94da-43c2-a5ee-e11da23ceb59","ts":"2025-12-19T11:51:51.467+00:00","source":{"id":"0","name":"eventBus"}}
{"__type":"$$EventMessageWorkflow","id":"3ad1e1a5-12b8-4b32-aee3-bea8aa437f51","ts":"2025-12-19T11:55:06.088+00:00","eventName":"n8n.workflow.started","message":"n8n.workflow.started","payload":{"executionId":"4","workflowId":"GgwMpoASv87xUTYU","isManual":false,"workflowName":"My workflow"}}
{"__type":"$$EventMessageConfirm","confirm":"3ad1e1a5-12b8-4b32-aee3-bea8aa437f51","ts":"2025-12-19T11:55:06.088+00:00","source":{"id":"0","name":"eventBus"}}
{"__type":"$$EventMessageNode","id":"5492018c-b71d-457f-947e-73f7765273a0","ts":"2025-12-19T11:55:06.090+00:00","eventName":"n8n.node.started","message":"n8n.node.started","payload":{"workflowId":"GgwMpoASv87xUTYU","workflowName":"My workflow","executionId":"4","nodeType":"n8n-nodes-base.readWriteFile","nodeName":"Read/Write Files from Disk1","nodeId":"eac75409-68bc-434e-8f0c-c81e6785cc77"}}
{"__type":"$$EventMessageConfirm","confirm":"5492018c-b71d-457f-947e-73f7765273a0","ts":"2025-12-19T11:55:06.090+00:00","source":{"id":"0","name":"eventBus"}}
{"__type":"$$EventMessageNode","id":"b30a3c66-4ddd-4081-ad12-153e6145334a","ts":"2025-12-19T11:55:06.141+00:00","eventName":"n8n.node.finished","message":"n8n.node.finished","payload":{"workflowId":"GgwMpoASv87xUTYU","workflowName":"My workflow","executionId":"4","nodeType":"n8n-nodes-base.readWriteFile","nodeName":"Read/Write Files from Disk1","nodeId":"eac75409-68bc-434e-8f0c-c81e6785cc77"}}
{"__type":"$$EventMessageConfirm","confirm":"b30a3c66-4ddd-4081-ad12-153e6145334a","ts":"2025-12-19T11:55:06.141+00:00","source":{"id":"0","name":"eventBus"}}
{"__type":"$$EventMessageWorkflow","id":"b4d4610c-2dc9-4ad4-95ae-be15d06b36a9","ts":"2025-12-19T11:55:06.147+00:00","eventName":"n8n.workflow.success","message":"n8n.workflow.success","payload":{"userId":"e2f4d222-e080-406b-a748-2cbf49f18af0","executionId":"4","success":true,"isManual":true,"workflowId":"GgwMpoASv87xUTYU","workflowName":"My workflow"}}
{"__type":"$$EventMessageConfirm","confirm":"b4d4610c-2dc9-4ad4-95ae-be15d06b36a9","ts":"2025-12-19T11:55:06.147+00:00","source":{"id":"0","name":"eventBus"}}
{"__type":"$$EventMessageWorkflow","id":"9b8eb291-60eb-4f3f-8565-cba99bca8e7b","ts":"2025-12-19T11:55:48.925+00:00","eventName":"n8n.workflow.started","message":"n8n.workflow.started","payload":{"executionId":"5","workflowId":"GgwMpoASv87xUTYU","isManual":false,"workflowName":"My workflow"}}
{"__type":"$$EventMessageConfirm","confirm":"9b8eb291-60eb-4f3f-8565-cba99bca8e7b","ts":"2025-12-19T11:55:48.925+00:00","source":{"id":"0","name":"eventBus"}}
{"__type":"$$EventMessageNode","id":"ba4b0aa7-05c5-4f9c-8581-befde75d81fc","ts":"2025-12-19T11:55:48.926+00:00","eventName":"n8n.node.started","message":"n8n.node.started","payload":{"workflowId":"GgwMpoASv87xUTYU","workflowName":"My workflow","executionId":"5","nodeType":"n8n-nodes-base.readWriteFile","nodeName":"Read/Write Files from Disk","nodeId":"8a687587-a7f3-4ab0-83a3-9ff961c4ec07"}}
{"__type":"$$EventMessageConfirm","confirm":"ba4b0aa7-05c5-4f9c-8581-befde75d81fc","ts":"2025-12-19T11:55:48.926+00:00","source":{"id":"0","name":"eventBus"}}
{"__type":"$$EventMessageNode","id":"358ea73e-246e-4ded-be89-32527cf88d95","ts":"2025-12-19T11:55:48.945+00:00","eventName":"n8n.node.finished","message":"n8n.node.finished","payload":{"workflowId":"GgwMpoASv87xUTYU","workflowName":"My workflow","executionId":"5","nodeType":"n8n-nodes-base.readWriteFile","nodeName":"Read/Write Files from Disk","nodeId":"8a687587-a7f3-4ab0-83a3-9ff961c4ec07"}}
{"__type":"$$EventMessageConfirm","confirm":"358ea73e-246e-4ded-be89-32527cf88d95","ts":"2025-12-19T11:55:48.946+00:00","source":{"id":"0","name":"eventBus"}}
{"__type":"$$EventMessageWorkflow","id":"50dbc943-bed7-4cae-b32b-41078edd7a76","ts":"2025-12-19T11:55:48.949+00:00","eventName":"n8n.workflow.success","message":"n8n.workflow.success","payload":{"userId":"e2f4d222-e080-406b-a748-2cbf49f18af0","executionId":"5","success":true,"isManual":true,"workflowId":"GgwMpoASv87xUTYU","workflowName":"My workflow"}}
{"__type":"$$EventMessageConfirm","confirm":"50dbc943-bed7-4cae-b32b-41078edd7a76","ts":"2025-12-19T11:55:48.949+00:00","source":{"id":"0","name":"eventBus"}}
{"__type":"$$EventMessageWorkflow","id":"f97070a8-aea3-4a64-9eb5-eae614678224","ts":"2025-12-19T11:56:52.811+00:00","eventName":"n8n.workflow.started","message":"n8n.workflow.started","payload":{"executionId":"6","workflowId":"GgwMpoASv87xUTYU","isManual":false,"workflowName":"My workflow"}}
{"__type":"$$EventMessageConfirm","confirm":"f97070a8-aea3-4a64-9eb5-eae614678224","ts":"2025-12-19T11:56:52.812+00:00","source":{"id":"0","name":"eventBus"}}
{"__type":"$$EventMessageNode","id":"21b4b246-3191-4825-8608-b8d1b6ca18cc","ts":"2025-12-19T11:56:52.814+00:00","eventName":"n8n.node.started","message":"n8n.node.started","payload":{"workflowId":"GgwMpoASv87xUTYU","workflowName":"My workflow","executionId":"6","nodeType":"n8n-nodes-base.readWriteFile","nodeName":"Read/Write Files from Disk1","nodeId":"eac75409-68bc-434e-8f0c-c81e6785cc77"}}
{"__type":"$$EventMessageConfirm","confirm":"21b4b246-3191-4825-8608-b8d1b6ca18cc","ts":"2025-12-19T11:56:52.814+00:00","source":{"id":"0","name":"eventBus"}}
{"__type":"$$EventMessageNode","id":"9018c021-9d97-4b72-a979-2a89cc69cc16","ts":"2025-12-19T11:56:53.043+00:00","eventName":"n8n.node.finished","message":"n8n.node.finished","payload":{"workflowId":"GgwMpoASv87xUTYU","workflowName":"My workflow","executionId":"6","nodeType":"n8n-nodes-base.readWriteFile","nodeName":"Read/Write Files from Disk1","nodeId":"eac75409-68bc-434e-8f0c-c81e6785cc77"}}
{"__type":"$$EventMessageConfirm","confirm":"9018c021-9d97-4b72-a979-2a89cc69cc16","ts":"2025-12-19T11:56:53.043+00:00","source":{"id":"0","name":"eventBus"}}
{"__type":"$$EventMessageNode","id":"3625de56-9272-4f21-a200-3914e13f78b2","ts":"2025-12-19T11:56:53.044+00:00","eventName":"n8n.node.started","message":"n8n.node.started","payload":{"workflowId":"GgwMpoASv87xUTYU","workflowName":"My workflow","executionId":"6","nodeType":"n8n-nodes-base.extractFromFile","nodeName":"Extract from File1","nodeId":"059f9e79-72e6-40b0-9491-8256be90c8c0"}}
{"__type":"$$EventMessageConfirm","confirm":"3625de56-9272-4f21-a200-3914e13f78b2","ts":"2025-12-19T11:56:53.044+00:00","source":{"id":"0","name":"eventBus"}}
{"__type":"$$EventMessageNode","id":"01c91876-c998-4549-af10-ed2f02e0415b","ts":"2025-12-19T11:56:53.307+00:00","eventName":"n8n.node.finished","message":"n8n.node.finished","payload":{"workflowId":"GgwMpoASv87xUTYU","workflowName":"My workflow","executionId":"6","nodeType":"n8n-nodes-base.extractFromFile","nodeName":"Extract from File1","nodeId":"059f9e79-72e6-40b0-9491-8256be90c8c0"}}
{"__type":"$$EventMessageConfirm","confirm":"01c91876-c998-4549-af10-ed2f02e0415b","ts":"2025-12-19T11:56:53.307+00:00","source":{"id":"0","name":"eventBus"}}
{"__type":"$$EventMessageWorkflow","id":"06b0835c-a7fc-412f-b1ac-1c44add51a43","ts":"2025-12-19T11:56:53.312+00:00","eventName":"n8n.workflow.success","message":"n8n.workflow.success","payload":{"userId":"e2f4d222-e080-406b-a748-2cbf49f18af0","executionId":"6","success":true,"isManual":true,"workflowId":"GgwMpoASv87xUTYU","workflowName":"My workflow"}}
{"__type":"$$EventMessageConfirm","confirm":"06b0835c-a7fc-412f-b1ac-1c44add51a43","ts":"2025-12-19T11:56:53.312+00:00","source":{"id":"0","name":"eventBus"}}
{"__type":"$$EventMessageWorkflow","id":"db035b1b-e3c2-42f3-b65a-a9979909274a","ts":"2025-12-19T11:57:47.406+00:00","eventName":"n8n.workflow.started","message":"n8n.workflow.started","payload":{"executionId":"7","workflowId":"GgwMpoASv87xUTYU","isManual":false,"workflowName":"My workflow"}}
{"__type":"$$EventMessageConfirm","confirm":"db035b1b-e3c2-42f3-b65a-a9979909274a","ts":"2025-12-19T11:57:47.406+00:00","source":{"id":"0","name":"eventBus"}}
{"__type":"$$EventMessageNode","id":"f570cfa3-452d-4689-8fcc-baee3b8c7a8d","ts":"2025-12-19T11:57:47.413+00:00","eventName":"n8n.node.started","message":"n8n.node.started","payload":{"workflowId":"GgwMpoASv87xUTYU","workflowName":"My workflow","executionId":"7","nodeType":"n8n-nodes-base.readWriteFile","nodeName":"Read/Write Files from Disk","nodeId":"8a687587-a7f3-4ab0-83a3-9ff961c4ec07"}}
{"__type":"$$EventMessageConfirm","confirm":"f570cfa3-452d-4689-8fcc-baee3b8c7a8d","ts":"2025-12-19T11:57:47.413+00:00","source":{"id":"0","name":"eventBus"}}
{"__type":"$$EventMessageNode","id":"83659e42-f645-4772-a5f0-23f80f6a7318","ts":"2025-12-19T11:57:47.484+00:00","eventName":"n8n.node.finished","message":"n8n.node.finished","payload":{"workflowId":"GgwMpoASv87xUTYU","workflowName":"My workflow","executionId":"7","nodeType":"n8n-nodes-base.readWriteFile","nodeName":"Read/Write Files from Disk","nodeId":"8a687587-a7f3-4ab0-83a3-9ff961c4ec07"}}
{"__type":"$$EventMessageConfirm","confirm":"83659e42-f645-4772-a5f0-23f80f6a7318","ts":"2025-12-19T11:57:47.484+00:00","source":{"id":"0","name":"eventBus"}}
{"__type":"$$EventMessageNode","id":"43f5a1c7-f450-422f-9b32-93ded81101e1","ts":"2025-12-19T11:57:47.485+00:00","eventName":"n8n.node.started","message":"n8n.node.started","payload":{"workflowId":"GgwMpoASv87xUTYU","workflowName":"My workflow","executionId":"7","nodeType":"n8n-nodes-base.extractFromFile","nodeName":"Extract from File","nodeId":"0a35f6e6-3467-4c9a-afaa-5ae85f76e113"}}
{"__type":"$$EventMessageConfirm","confirm":"43f5a1c7-f450-422f-9b32-93ded81101e1","ts":"2025-12-19T11:57:47.485+00:00","source":{"id":"0","name":"eventBus"}}
{"__type":"$$EventMessageNode","id":"59d6fcb0-67a7-4d7d-8c06-2dd4b01a60ca","ts":"2025-12-19T11:57:47.500+00:00","eventName":"n8n.node.finished","message":"n8n.node.finished","payload":{"workflowId":"GgwMpoASv87xUTYU","workflowName":"My workflow","executionId":"7","nodeType":"n8n-nodes-base.extractFromFile","nodeName":"Extract from File","nodeId":"0a35f6e6-3467-4c9a-afaa-5ae85f76e113"}}
{"__type":"$$EventMessageConfirm","confirm":"59d6fcb0-67a7-4d7d-8c06-2dd4b01a60ca","ts":"2025-12-19T11:57:47.500+00:00","source":{"id":"0","name":"eventBus"}}
{"__type":"$$EventMessageWorkflow","id":"660d0108-1029-4101-9108-e7ff7f6deac4","ts":"2025-12-19T11:57:47.509+00:00","eventName":"n8n.workflow.success","message":"n8n.workflow.success","payload":{"userId":"e2f4d222-e080-406b-a748-2cbf49f18af0","executionId":"7","success":true,"isManual":true,"workflowId":"GgwMpoASv87xUTYU","workflowName":"My workflow"}}
{"__type":"$$EventMessageConfirm","confirm":"660d0108-1029-4101-9108-e7ff7f6deac4","ts":"2025-12-19T11:57:47.509+00:00","source":{"id":"0","name":"eventBus"}}
{"__type":"$$EventMessageWorkflow","id":"6f3b9430-87ba-4c69-8d17-968e62355a33","ts":"2025-12-19T11:57:51.769+00:00","eventName":"n8n.workflow.started","message":"n8n.workflow.started","payload":{"executionId":"8","workflowId":"GgwMpoASv87xUTYU","isManual":false,"workflowName":"My workflow"}}
{"__type":"$$EventMessageConfirm","confirm":"6f3b9430-87ba-4c69-8d17-968e62355a33","ts":"2025-12-19T11:57:51.769+00:00","source":{"id":"0","name":"eventBus"}}
{"__type":"$$EventMessageNode","id":"240c6a4d-5eea-4d86-9cf6-ddccee856256","ts":"2025-12-19T11:57:51.772+00:00","eventName":"n8n.node.started","message":"n8n.node.started","payload":{"workflowId":"GgwMpoASv87xUTYU","workflowName":"My workflow","executionId":"8","nodeType":"n8n-nodes-base.readWriteFile","nodeName":"Read/Write Files from Disk1","nodeId":"eac75409-68bc-434e-8f0c-c81e6785cc77"}}
{"__type":"$$EventMessageConfirm","confirm":"240c6a4d-5eea-4d86-9cf6-ddccee856256","ts":"2025-12-19T11:57:51.772+00:00","source":{"id":"0","name":"eventBus"}}
{"__type":"$$EventMessageNode","id":"83b36f1a-f168-4e58-b7d1-d1c4fb236c81","ts":"2025-12-19T11:57:51.807+00:00","eventName":"n8n.node.finished","message":"n8n.node.finished","payload":{"workflowId":"GgwMpoASv87xUTYU","workflowName":"My workflow","executionId":"8","nodeType":"n8n-nodes-base.readWriteFile","nodeName":"Read/Write Files from Disk1","nodeId":"eac75409-68bc-434e-8f0c-c81e6785cc77"}}
{"__type":"$$EventMessageConfirm","confirm":"83b36f1a-f168-4e58-b7d1-d1c4fb236c81","ts":"2025-12-19T11:57:51.807+00:00","source":{"id":"0","name":"eventBus"}}
{"__type":"$$EventMessageNode","id":"a14463e2-417c-4233-9008-38b728eb66c3","ts":"2025-12-19T11:57:51.808+00:00","eventName":"n8n.node.started","message":"n8n.node.started","payload":{"workflowId":"GgwMpoASv87xUTYU","workflowName":"My workflow","executionId":"8","nodeType":"n8n-nodes-base.extractFromFile","nodeName":"Extract from File1","nodeId":"059f9e79-72e6-40b0-9491-8256be90c8c0"}}
{"__type":"$$EventMessageConfirm","confirm":"a14463e2-417c-4233-9008-38b728eb66c3","ts":"2025-12-19T11:57:51.808+00:00","source":{"id":"0","name":"eventBus"}}
{"__type":"$$EventMessageNode","id":"401a4c01-7d3f-4369-9293-98caf6a2f1ed","ts":"2025-12-19T11:57:51.860+00:00","eventName":"n8n.node.finished","message":"n8n.node.finished","payload":{"workflowId":"GgwMpoASv87xUTYU","workflowName":"My workflow","executionId":"8","nodeType":"n8n-nodes-base.extractFromFile","nodeName":"Extract from File1","nodeId":"059f9e79-72e6-40b0-9491-8256be90c8c0"}}
{"__type":"$$EventMessageConfirm","confirm":"401a4c01-7d3f-4369-9293-98caf6a2f1ed","ts":"2025-12-19T11:57:51.861+00:00","source":{"id":"0","name":"eventBus"}}
{"__type":"$$EventMessageWorkflow","id":"85659b5d-8f40-4c09-8708-a8614a2ed66a","ts":"2025-12-19T11:57:51.874+00:00","eventName":"n8n.workflow.success","message":"n8n.workflow.success","payload":{"userId":"e2f4d222-e080-406b-a748-2cbf49f18af0","executionId":"8","success":true,"isManual":true,"workflowId":"GgwMpoASv87xUTYU","workflowName":"My workflow"}}
{"__type":"$$EventMessageConfirm","confirm":"85659b5d-8f40-4c09-8708-a8614a2ed66a","ts":"2025-12-19T11:57:51.874+00:00","source":{"id":"0","name":"eventBus"}}
{"__type":"$$EventMessageWorkflow","id":"d3bbb196-cb2b-47eb-857c-a64a177eeac5","ts":"2025-12-19T12:00:44.121+00:00","eventName":"n8n.workflow.started","message":"n8n.workflow.started","payload":{"executionId":"9","workflowId":"GgwMpoASv87xUTYU","isManual":false,"workflowName":"My workflow"}}
{"__type":"$$EventMessageConfirm","confirm":"d3bbb196-cb2b-47eb-857c-a64a177eeac5","ts":"2025-12-19T12:00:44.121+00:00","source":{"id":"0","name":"eventBus"}}
{"__type":"$$EventMessageNode","id":"23d07b8c-1359-4384-a883-621ce449a247","ts":"2025-12-19T12:00:44.124+00:00","eventName":"n8n.node.started","message":"n8n.node.started","payload":{"workflowId":"GgwMpoASv87xUTYU","workflowName":"My workflow","executionId":"9","nodeType":"n8n-nodes-base.readWriteFile","nodeName":"Read/Write Files from Disk","nodeId":"8a687587-a7f3-4ab0-83a3-9ff961c4ec07"}}
{"__type":"$$EventMessageConfirm","confirm":"23d07b8c-1359-4384-a883-621ce449a247","ts":"2025-12-19T12:00:44.124+00:00","source":{"id":"0","name":"eventBus"}}
{"__type":"$$EventMessageNode","id":"3f7790f9-8a63-4362-a7b2-f7a2b42961cd","ts":"2025-12-19T12:00:44.145+00:00","eventName":"n8n.node.finished","message":"n8n.node.finished","payload":{"workflowId":"GgwMpoASv87xUTYU","workflowName":"My workflow","executionId":"9","nodeType":"n8n-nodes-base.readWriteFile","nodeName":"Read/Write Files from Disk","nodeId":"8a687587-a7f3-4ab0-83a3-9ff961c4ec07"}}
{"__type":"$$EventMessageConfirm","confirm":"3f7790f9-8a63-4362-a7b2-f7a2b42961cd","ts":"2025-12-19T12:00:44.146+00:00","source":{"id":"0","name":"eventBus"}}
{"__type":"$$EventMessageNode","id":"3c08fed9-240e-48b1-b44d-7fd5a1014e54","ts":"2025-12-19T12:00:44.147+00:00","eventName":"n8n.node.started","message":"n8n.node.started","payload":{"workflowId":"GgwMpoASv87xUTYU","workflowName":"My workflow","executionId":"9","nodeType":"n8n-nodes-base.extractFromFile","nodeName":"Extract from File","nodeId":"0a35f6e6-3467-4c9a-afaa-5ae85f76e113"}}
{"__type":"$$EventMessageConfirm","confirm":"3c08fed9-240e-48b1-b44d-7fd5a1014e54","ts":"2025-12-19T12:00:44.147+00:00","source":{"id":"0","name":"eventBus"}}
{"__type":"$$EventMessageNode","id":"fff7250a-0bea-4121-b8b6-20e52ced5a19","ts":"2025-12-19T12:00:44.156+00:00","eventName":"n8n.node.finished","message":"n8n.node.finished","payload":{"workflowId":"GgwMpoASv87xUTYU","workflowName":"My workflow","executionId":"9","nodeType":"n8n-nodes-base.extractFromFile","nodeName":"Extract from File","nodeId":"0a35f6e6-3467-4c9a-afaa-5ae85f76e113"}}
{"__type":"$$EventMessageConfirm","confirm":"fff7250a-0bea-4121-b8b6-20e52ced5a19","ts":"2025-12-19T12:00:44.156+00:00","source":{"id":"0","name":"eventBus"}}
{"__type":"$$EventMessageNode","id":"fbe957cc-586f-4166-8292-9f85305c551f","ts":"2025-12-19T12:00:44.165+00:00","eventName":"n8n.node.started","message":"n8n.node.started","payload":{"workflowId":"GgwMpoASv87xUTYU","workflowName":"My workflow","executionId":"9","nodeType":"n8n-nodes-base.merge","nodeName":"Merge","nodeId":"77ffd6a2-d56d-4c64-acb9-1789e7a04fb5"}}
{"__type":"$$EventMessageConfirm","confirm":"fbe957cc-586f-4166-8292-9f85305c551f","ts":"2025-12-19T12:00:44.165+00:00","source":{"id":"0","name":"eventBus"}}
{"__type":"$$EventMessageNode","id":"36512947-af67-4bc9-ab0f-3deee66f6f3c","ts":"2025-12-19T07:00:44.362-05:00","eventName":"n8n.node.finished","message":"n8n.node.finished","payload":{"workflowId":"GgwMpoASv87xUTYU","workflowName":"My workflow","executionId":"9","nodeType":"n8n-nodes-base.merge","nodeName":"Merge","nodeId":"77ffd6a2-d56d-4c64-acb9-1789e7a04fb5"}}
{"__type":"$$EventMessageConfirm","confirm":"36512947-af67-4bc9-ab0f-3deee66f6f3c","ts":"2025-12-19T07:00:44.363-05:00","source":{"id":"0","name":"eventBus"}}
{"__type":"$$EventMessageWorkflow","id":"7ff798e3-7c98-4283-9417-1e8be7e87b8f","ts":"2025-12-19T07:00:44.375-05:00","eventName":"n8n.workflow.success","message":"n8n.workflow.success","payload":{"userId":"e2f4d222-e080-406b-a748-2cbf49f18af0","executionId":"9","success":true,"isManual":true,"workflowId":"GgwMpoASv87xUTYU","workflowName":"My workflow"}}
{"__type":"$$EventMessageConfirm","confirm":"7ff798e3-7c98-4283-9417-1e8be7e87b8f","ts":"2025-12-19T07:00:44.375-05:00","source":{"id":"0","name":"eventBus"}}
{"__type":"$$EventMessageWorkflow","id":"4a7a4eae-637e-41cd-9eaf-122574515983","ts":"2025-12-19T07:00:58.847-05:00","eventName":"n8n.workflow.started","message":"n8n.workflow.started","payload":{"executionId":"10","workflowId":"GgwMpoASv87xUTYU","isManual":false,"workflowName":"My workflow"}}
{"__type":"$$EventMessageConfirm","confirm":"4a7a4eae-637e-41cd-9eaf-122574515983","ts":"2025-12-19T07:00:58.847-05:00","source":{"id":"0","name":"eventBus"}}
{"__type":"$$EventMessageNode","id":"d1bc810f-3d9b-4f98-8daa-1b7b96d82892","ts":"2025-12-19T07:00:58.849-05:00","eventName":"n8n.node.started","message":"n8n.node.started","payload":{"workflowId":"GgwMpoASv87xUTYU","workflowName":"My workflow","executionId":"10","nodeType":"n8n-nodes-base.manualTrigger","nodeName":"When clicking ‘Execute workflow’","nodeId":"2c3a6a46-efdb-4393-bc9d-fc27a82d9651"}}
{"__type":"$$EventMessageConfirm","confirm":"d1bc810f-3d9b-4f98-8daa-1b7b96d82892","ts":"2025-12-19T07:00:58.849-05:00","source":{"id":"0","name":"eventBus"}}
{"__type":"$$EventMessageNode","id":"0558731d-91d9-4e85-832c-0b122fd87831","ts":"2025-12-19T07:00:58.853-05:00","eventName":"n8n.node.finished","message":"n8n.node.finished","payload":{"workflowId":"GgwMpoASv87xUTYU","workflowName":"My workflow","executionId":"10","nodeType":"n8n-nodes-base.manualTrigger","nodeName":"When clicking ‘Execute workflow’","nodeId":"2c3a6a46-efdb-4393-bc9d-fc27a82d9651"}}
{"__type":"$$EventMessageConfirm","confirm":"0558731d-91d9-4e85-832c-0b122fd87831","ts":"2025-12-19T07:00:58.853-05:00","source":{"id":"0","name":"eventBus"}}
{"__type":"$$EventMessageWorkflow","id":"5cb3789c-3b17-422f-915d-00ea644221dc","ts":"2025-12-19T07:00:58.865-05:00","eventName":"n8n.workflow.success","message":"n8n.workflow.success","payload":{"userId":"e2f4d222-e080-406b-a748-2cbf49f18af0","executionId":"10","success":true,"isManual":true,"workflowId":"GgwMpoASv87xUTYU","workflowName":"My workflow"}}
{"__type":"$$EventMessageConfirm","confirm":"5cb3789c-3b17-422f-915d-00ea644221dc","ts":"2025-12-19T07:00:58.865-05:00","source":{"id":"0","name":"eventBus"}}
{"__type":"$$EventMessageWorkflow","id":"a6c85708-8a24-4017-8f8e-594ada622761","ts":"2025-12-19T07:01:03.577-05:00","eventName":"n8n.workflow.started","message":"n8n.workflow.started","payload":{"executionId":"11","workflowId":"GgwMpoASv87xUTYU","isManual":false,"workflowName":"My workflow"}}
{"__type":"$$EventMessageConfirm","confirm":"a6c85708-8a24-4017-8f8e-594ada622761","ts":"2025-12-19T07:01:03.578-05:00","source":{"id":"0","name":"eventBus"}}
{"__type":"$$EventMessageNode","id":"3cd3ee8e-94bb-4df6-ab51-b39d94785ea1","ts":"2025-12-19T07:01:03.580-05:00","eventName":"n8n.node.started","message":"n8n.node.started","payload":{"workflowId":"GgwMpoASv87xUTYU","workflowName":"My workflow","executionId":"11","nodeType":"n8n-nodes-base.readWriteFile","nodeName":"Read/Write Files from Disk","nodeId":"8a687587-a7f3-4ab0-83a3-9ff961c4ec07"}}
{"__type":"$$EventMessageConfirm","confirm":"3cd3ee8e-94bb-4df6-ab51-b39d94785ea1","ts":"2025-12-19T07:01:03.580-05:00","source":{"id":"0","name":"eventBus"}}
{"__type":"$$EventMessageNode","id":"3fb89e40-ea05-4152-b0cd-8de8fde5662b","ts":"2025-12-19T07:01:03.852-05:00","eventName":"n8n.node.finished","message":"n8n.node.finished","payload":{"workflowId":"GgwMpoASv87xUTYU","workflowName":"My workflow","executionId":"11","nodeType":"n8n-nodes-base.readWriteFile","nodeName":"Read/Write Files from Disk","nodeId":"8a687587-a7f3-4ab0-83a3-9ff961c4ec07"}}
{"__type":"$$EventMessageConfirm","confirm":"3fb89e40-ea05-4152-b0cd-8de8fde5662b","ts":"2025-12-19T07:01:03.852-05:00","source":{"id":"0","name":"eventBus"}}
{"__type":"$$EventMessageWorkflow","id":"0a1ebd9f-25a0-449a-aa8c-712732b8f4f7","ts":"2025-12-19T07:01:03.857-05:00","eventName":"n8n.workflow.success","message":"n8n.workflow.success","payload":{"userId":"e2f4d222-e080-406b-a748-2cbf49f18af0","executionId":"11","success":true,"isManual":true,"workflowId":"GgwMpoASv87xUTYU","workflowName":"My workflow"}}
{"__type":"$$EventMessageConfirm","confirm":"0a1ebd9f-25a0-449a-aa8c-712732b8f4f7","ts":"2025-12-19T07:01:03.857-05:00","source":{"id":"0","name":"eventBus"}}
{"__type":"$$EventMessageWorkflow","id":"667ae9a2-4a5a-409e-856b-91fb55513ed4","ts":"2025-12-19T07:01:05.990-05:00","eventName":"n8n.workflow.started","message":"n8n.workflow.started","payload":{"executionId":"12","workflowId":"GgwMpoASv87xUTYU","isManual":false,"workflowName":"My workflow"}}
{"__type":"$$EventMessageConfirm","confirm":"667ae9a2-4a5a-409e-856b-91fb55513ed4","ts":"2025-12-19T07:01:05.990-05:00","source":{"id":"0","name":"eventBus"}}
{"__type":"$$EventMessageNode","id":"74533f9a-5644-4311-b051-7baa548e04eb","ts":"2025-12-19T07:01:05.992-05:00","eventName":"n8n.node.started","message":"n8n.node.started","payload":{"workflowId":"GgwMpoASv87xUTYU","workflowName":"My workflow","executionId":"12","nodeType":"n8n-nodes-base.readWriteFile","nodeName":"Read/Write Files from Disk1","nodeId":"eac75409-68bc-434e-8f0c-c81e6785cc77"}}
{"__type":"$$EventMessageConfirm","confirm":"74533f9a-5644-4311-b051-7baa548e04eb","ts":"2025-12-19T07:01:05.992-05:00","source":{"id":"0","name":"eventBus"}}
{"__type":"$$EventMessageNode","id":"97e480df-cfe6-4c1b-9c51-048b9615389f","ts":"2025-12-19T07:01:06.310-05:00","eventName":"n8n.node.finished","message":"n8n.node.finished","payload":{"workflowId":"GgwMpoASv87xUTYU","workflowName":"My workflow","executionId":"12","nodeType":"n8n-nodes-base.readWriteFile","nodeName":"Read/Write Files from Disk1","nodeId":"eac75409-68bc-434e-8f0c-c81e6785cc77"}}
{"__type":"$$EventMessageConfirm","confirm":"97e480df-cfe6-4c1b-9c51-048b9615389f","ts":"2025-12-19T07:01:06.310-05:00","source":{"id":"0","name":"eventBus"}}
{"__type":"$$EventMessageWorkflow","id":"fe990ea8-8dc7-4bb2-8204-46e04903db09","ts":"2025-12-19T07:01:06.315-05:00","eventName":"n8n.workflow.success","message":"n8n.workflow.success","payload":{"userId":"e2f4d222-e080-406b-a748-2cbf49f18af0","executionId":"12","success":true,"isManual":true,"workflowId":"GgwMpoASv87xUTYU","workflowName":"My workflow"}}
{"__type":"$$EventMessageConfirm","confirm":"fe990ea8-8dc7-4bb2-8204-46e04903db09","ts":"2025-12-19T07:01:06.315-05:00","source":{"id":"0","name":"eventBus"}}
{"__type":"$$EventMessageWorkflow","id":"2d379e28-8ef9-4ea8-95e6-65d128cfecae","ts":"2025-12-19T07:01:10.252-05:00","eventName":"n8n.workflow.started","message":"n8n.workflow.started","payload":{"executionId":"13","workflowId":"GgwMpoASv87xUTYU","isManual":false,"workflowName":"My workflow"}}
{"__type":"$$EventMessageConfirm","confirm":"2d379e28-8ef9-4ea8-95e6-65d128cfecae","ts":"2025-12-19T07:01:10.253-05:00","source":{"id":"0","name":"eventBus"}}
{"__type":"$$EventMessageNode","id":"a0b6e5e8-4b31-4fbd-bfc6-6ef7d9074bc7","ts":"2025-12-19T07:01:10.254-05:00","eventName":"n8n.node.started","message":"n8n.node.started","payload":{"workflowId":"GgwMpoASv87xUTYU","workflowName":"My workflow","executionId":"13","nodeType":"n8n-nodes-base.readWriteFile","nodeName":"Read/Write Files from Disk","nodeId":"8a687587-a7f3-4ab0-83a3-9ff961c4ec07"}}
{"__type":"$$EventMessageConfirm","confirm":"a0b6e5e8-4b31-4fbd-bfc6-6ef7d9074bc7","ts":"2025-12-19T07:01:10.255-05:00","source":{"id":"0","name":"eventBus"}}
{"__type":"$$EventMessageNode","id":"e2a0b95e-5a2f-42c6-95ea-568132bc9434","ts":"2025-12-19T07:01:10.370-05:00","eventName":"n8n.node.finished","message":"n8n.node.finished","payload":{"workflowId":"GgwMpoASv87xUTYU","workflowName":"My workflow","executionId":"13","nodeType":"n8n-nodes-base.readWriteFile","nodeName":"Read/Write Files from Disk","nodeId":"8a687587-a7f3-4ab0-83a3-9ff961c4ec07"}}
{"__type":"$$EventMessageConfirm","confirm":"e2a0b95e-5a2f-42c6-95ea-568132bc9434","ts":"2025-12-19T07:01:10.370-05:00","source":{"id":"0","name":"eventBus"}}
{"__type":"$$EventMessageNode","id":"daebb4be-8933-4938-a12c-abd01b31da5e","ts":"2025-12-19T07:01:10.372-05:00","eventName":"n8n.node.started","message":"n8n.node.started","payload":{"workflowId":"GgwMpoASv87xUTYU","workflowName":"My workflow","executionId":"13","nodeType":"n8n-nodes-base.extractFromFile","nodeName":"Extract from File","nodeId":"0a35f6e6-3467-4c9a-afaa-5ae85f76e113"}}
{"__type":"$$EventMessageConfirm","confirm":"daebb4be-8933-4938-a12c-abd01b31da5e","ts":"2025-12-19T07:01:10.372-05:00","source":{"id":"0","name":"eventBus"}}
{"__type":"$$EventMessageNode","id":"0dcca7a7-ccd6-44ff-a167-c824a6ca0edd","ts":"2025-12-19T07:01:10.379-05:00","eventName":"n8n.node.finished","message":"n8n.node.finished","payload":{"workflowId":"GgwMpoASv87xUTYU","workflowName":"My workflow","executionId":"13","nodeType":"n8n-nodes-base.extractFromFile","nodeName":"Extract from File","nodeId":"0a35f6e6-3467-4c9a-afaa-5ae85f76e113"}}
{"__type":"$$EventMessageConfirm","confirm":"0dcca7a7-ccd6-44ff-a167-c824a6ca0edd","ts":"2025-12-19T07:01:10.379-05:00","source":{"id":"0","name":"eventBus"}}
{"__type":"$$EventMessageWorkflow","id":"2b44a8c1-dbd1-4630-8dc8-d49f4055cbec","ts":"2025-12-19T07:01:10.384-05:00","eventName":"n8n.workflow.success","message":"n8n.workflow.success","payload":{"userId":"e2f4d222-e080-406b-a748-2cbf49f18af0","executionId":"13","success":true,"isManual":true,"workflowId":"GgwMpoASv87xUTYU","workflowName":"My workflow"}}
{"__type":"$$EventMessageConfirm","confirm":"2b44a8c1-dbd1-4630-8dc8-d49f4055cbec","ts":"2025-12-19T07:01:10.384-05:00","source":{"id":"0","name":"eventBus"}}
{"__type":"$$EventMessageWorkflow","id":"8d9bd4bf-7b77-4b07-9228-e5b8f5482187","ts":"2025-12-19T07:01:12.387-05:00","eventName":"n8n.workflow.started","message":"n8n.workflow.started","payload":{"executionId":"14","workflowId":"GgwMpoASv87xUTYU","isManual":false,"workflowName":"My workflow"}}
{"__type":"$$EventMessageConfirm","confirm":"8d9bd4bf-7b77-4b07-9228-e5b8f5482187","ts":"2025-12-19T07:01:12.388-05:00","source":{"id":"0","name":"eventBus"}}
{"__type":"$$EventMessageNode","id":"baab1540-403e-4b5f-86f0-1c4d65f41606","ts":"2025-12-19T07:01:12.391-05:00","eventName":"n8n.node.started","message":"n8n.node.started","payload":{"workflowId":"GgwMpoASv87xUTYU","workflowName":"My workflow","executionId":"14","nodeType":"n8n-nodes-base.readWriteFile","nodeName":"Read/Write Files from Disk1","nodeId":"eac75409-68bc-434e-8f0c-c81e6785cc77"}}
{"__type":"$$EventMessageConfirm","confirm":"baab1540-403e-4b5f-86f0-1c4d65f41606","ts":"2025-12-19T07:01:12.392-05:00","source":{"id":"0","name":"eventBus"}}
{"__type":"$$EventMessageNode","id":"444a4d23-cc9a-4bb2-8568-0287833f9002","ts":"2025-12-19T07:01:12.410-05:00","eventName":"n8n.node.finished","message":"n8n.node.finished","payload":{"workflowId":"GgwMpoASv87xUTYU","workflowName":"My workflow","executionId":"14","nodeType":"n8n-nodes-base.readWriteFile","nodeName":"Read/Write Files from Disk1","nodeId":"eac75409-68bc-434e-8f0c-c81e6785cc77"}}
{"__type":"$$EventMessageConfirm","confirm":"444a4d23-cc9a-4bb2-8568-0287833f9002","ts":"2025-12-19T07:01:12.410-05:00","source":{"id":"0","name":"eventBus"}}
{"__type":"$$EventMessageNode","id":"4676c68b-516c-40e8-a3af-bf0783fd5222","ts":"2025-12-19T07:01:12.412-05:00","eventName":"n8n.node.started","message":"n8n.node.started","payload":{"workflowId":"GgwMpoASv87xUTYU","workflowName":"My workflow","executionId":"14","nodeType":"n8n-nodes-base.extractFromFile","nodeName":"Extract from File1","nodeId":"059f9e79-72e6-40b0-9491-8256be90c8c0"}}
{"__type":"$$EventMessageConfirm","confirm":"4676c68b-516c-40e8-a3af-bf0783fd5222","ts":"2025-12-19T07:01:12.412-05:00","source":{"id":"0","name":"eventBus"}}
{"__type":"$$EventMessageNode","id":"1874312e-f2da-482c-8b7b-f6b5aa4d4466","ts":"2025-12-19T07:01:12.509-05:00","eventName":"n8n.node.finished","message":"n8n.node.finished","payload":{"workflowId":"GgwMpoASv87xUTYU","workflowName":"My workflow","executionId":"14","nodeType":"n8n-nodes-base.extractFromFile","nodeName":"Extract from File1","nodeId":"059f9e79-72e6-40b0-9491-8256be90c8c0"}}
{"__type":"$$EventMessageConfirm","confirm":"1874312e-f2da-482c-8b7b-f6b5aa4d4466","ts":"2025-12-19T07:01:12.509-05:00","source":{"id":"0","name":"eventBus"}}
{"__type":"$$EventMessageWorkflow","id":"739b7d1e-096b-4503-99d0-5105f191ca2d","ts":"2025-12-19T07:01:12.524-05:00","eventName":"n8n.workflow.success","message":"n8n.workflow.success","payload":{"userId":"e2f4d222-e080-406b-a748-2cbf49f18af0","executionId":"14","success":true,"isManual":true,"workflowId":"GgwMpoASv87xUTYU","workflowName":"My workflow"}}
{"__type":"$$EventMessageConfirm","confirm":"739b7d1e-096b-4503-99d0-5105f191ca2d","ts":"2025-12-19T07:01:12.524-05:00","source":{"id":"0","name":"eventBus"}}
{"__type":"$$EventMessageWorkflow","id":"55f6510b-839b-42a6-9891-cc4e36e54600","ts":"2025-12-19T07:01:14.632-05:00","eventName":"n8n.workflow.started","message":"n8n.workflow.started","payload":{"executionId":"15","workflowId":"GgwMpoASv87xUTYU","isManual":false,"workflowName":"My workflow"}}
{"__type":"$$EventMessageConfirm","confirm":"55f6510b-839b-42a6-9891-cc4e36e54600","ts":"2025-12-19T07:01:14.633-05:00","source":{"id":"0","name":"eventBus"}}
{"__type":"$$EventMessageNode","id":"70f4d7ec-fb7b-4385-a3af-b00e3b350d82","ts":"2025-12-19T07:01:14.636-05:00","eventName":"n8n.node.started","message":"n8n.node.started","payload":{"workflowId":"GgwMpoASv87xUTYU","workflowName":"My workflow","executionId":"15","nodeType":"n8n-nodes-base.readWriteFile","nodeName":"Read/Write Files from Disk","nodeId":"8a687587-a7f3-4ab0-83a3-9ff961c4ec07"}}
{"__type":"$$EventMessageConfirm","confirm":"70f4d7ec-fb7b-4385-a3af-b00e3b350d82","ts":"2025-12-19T07:01:14.636-05:00","source":{"id":"0","name":"eventBus"}}
{"__type":"$$EventMessageNode","id":"773268a1-7650-4ed9-bfd3-34e1cfe27a1f","ts":"2025-12-19T07:01:14.674-05:00","eventName":"n8n.node.finished","message":"n8n.node.finished","payload":{"workflowId":"GgwMpoASv87xUTYU","workflowName":"My workflow","executionId":"15","nodeType":"n8n-nodes-base.readWriteFile","nodeName":"Read/Write Files from Disk","nodeId":"8a687587-a7f3-4ab0-83a3-9ff961c4ec07"}}
{"__type":"$$EventMessageConfirm","confirm":"773268a1-7650-4ed9-bfd3-34e1cfe27a1f","ts":"2025-12-19T07:01:14.674-05:00","source":{"id":"0","name":"eventBus"}}
{"__type":"$$EventMessageNode","id":"5d7411b9-5a35-4d23-bdd8-23b3dc004948","ts":"2025-12-19T07:01:14.675-05:00","eventName":"n8n.node.started","message":"n8n.node.started","payload":{"workflowId":"GgwMpoASv87xUTYU","workflowName":"My workflow","executionId":"15","nodeType":"n8n-nodes-base.extractFromFile","nodeName":"Extract from File","nodeId":"0a35f6e6-3467-4c9a-afaa-5ae85f76e113"}}
{"__type":"$$EventMessageConfirm","confirm":"5d7411b9-5a35-4d23-bdd8-23b3dc004948","ts":"2025-12-19T07:01:14.675-05:00","source":{"id":"0","name":"eventBus"}}
{"__type":"$$EventMessageNode","id":"c400be75-9780-42b3-92e3-9f0ee822f0c7","ts":"2025-12-19T07:01:14.681-05:00","eventName":"n8n.node.finished","message":"n8n.node.finished","payload":{"workflowId":"GgwMpoASv87xUTYU","workflowName":"My workflow","executionId":"15","nodeType":"n8n-nodes-base.extractFromFile","nodeName":"Extract from File","nodeId":"0a35f6e6-3467-4c9a-afaa-5ae85f76e113"}}
{"__type":"$$EventMessageConfirm","confirm":"c400be75-9780-42b3-92e3-9f0ee822f0c7","ts":"2025-12-19T07:01:14.682-05:00","source":{"id":"0","name":"eventBus"}}
{"__type":"$$EventMessageNode","id":"e7f64628-62e9-435c-a520-a30509e3f675","ts":"2025-12-19T07:01:14.693-05:00","eventName":"n8n.node.started","message":"n8n.node.started","payload":{"workflowId":"GgwMpoASv87xUTYU","workflowName":"My workflow","executionId":"15","nodeType":"n8n-nodes-base.merge","nodeName":"Merge","nodeId":"77ffd6a2-d56d-4c64-acb9-1789e7a04fb5"}}
{"__type":"$$EventMessageConfirm","confirm":"e7f64628-62e9-435c-a520-a30509e3f675","ts":"2025-12-19T07:01:14.694-05:00","source":{"id":"0","name":"eventBus"}}
{"__type":"$$EventMessageNode","id":"d7031af5-4bbf-4976-af64-bb1eaadc362a","ts":"2025-12-19T07:01:14.707-05:00","eventName":"n8n.node.finished","message":"n8n.node.finished","payload":{"workflowId":"GgwMpoASv87xUTYU","workflowName":"My workflow","executionId":"15","nodeType":"n8n-nodes-base.merge","nodeName":"Merge","nodeId":"77ffd6a2-d56d-4c64-acb9-1789e7a04fb5"}}
{"__type":"$$EventMessageConfirm","confirm":"d7031af5-4bbf-4976-af64-bb1eaadc362a","ts":"2025-12-19T07:01:14.708-05:00","source":{"id":"0","name":"eventBus"}}
{"__type":"$$EventMessageWorkflow","id":"2a1ff80f-7d82-47b7-963d-a9def1cd431b","ts":"2025-12-19T07:01:14.711-05:00","eventName":"n8n.workflow.success","message":"n8n.workflow.success","payload":{"userId":"e2f4d222-e080-406b-a748-2cbf49f18af0","executionId":"15","success":true,"isManual":true,"workflowId":"GgwMpoASv87xUTYU","workflowName":"My workflow"}}
{"__type":"$$EventMessageConfirm","confirm":"2a1ff80f-7d82-47b7-963d-a9def1cd431b","ts":"2025-12-19T07:01:14.711-05:00","source":{"id":"0","name":"eventBus"}}
{"__type":"$$EventMessageWorkflow","id":"c0cd7e33-c512-40f9-af43-c0a5438d647c","ts":"2025-12-19T07:04:43.412-05:00","eventName":"n8n.workflow.started","message":"n8n.workflow.started","payload":{"executionId":"16","workflowId":"GgwMpoASv87xUTYU","isManual":false,"workflowName":"My workflow"}}
{"__type":"$$EventMessageConfirm","confirm":"c0cd7e33-c512-40f9-af43-c0a5438d647c","ts":"2025-12-19T07:04:43.412-05:00","source":{"id":"0","name":"eventBus"}}
{"__type":"$$EventMessageNode","id":"58a8e7fe-de5c-40c1-86d7-2e637813014f","ts":"2025-12-19T07:04:43.414-05:00","eventName":"n8n.node.started","message":"n8n.node.started","payload":{"workflowId":"GgwMpoASv87xUTYU","workflowName":"My workflow","executionId":"16","nodeType":"n8n-nodes-base.splitOut","nodeName":"Split Out","nodeId":"8bd98dbc-4c54-4244-8149-5b6776a69726"}}
{"__type":"$$EventMessageConfirm","confirm":"58a8e7fe-de5c-40c1-86d7-2e637813014f","ts":"2025-12-19T07:04:43.415-05:00","source":{"id":"0","name":"eventBus"}}
{"__type":"$$EventMessageNode","id":"4c04119f-904e-4c93-9051-b8d3fbe62052","ts":"2025-12-19T07:04:43.418-05:00","eventName":"n8n.node.finished","message":"n8n.node.finished","payload":{"workflowId":"GgwMpoASv87xUTYU","workflowName":"My workflow","executionId":"16","nodeType":"n8n-nodes-base.splitOut","nodeName":"Split Out","nodeId":"8bd98dbc-4c54-4244-8149-5b6776a69726"}}
{"__type":"$$EventMessageConfirm","confirm":"4c04119f-904e-4c93-9051-b8d3fbe62052","ts":"2025-12-19T07:04:43.418-05:00","source":{"id":"0","name":"eventBus"}}
{"__type":"$$EventMessageWorkflow","id":"43777eb5-4f49-40c6-bbcb-af7aaec101dd","ts":"2025-12-19T07:04:43.429-05:00","eventName":"n8n.workflow.success","message":"n8n.workflow.success","payload":{"userId":"e2f4d222-e080-406b-a748-2cbf49f18af0","executionId":"16","success":true,"isManual":true,"workflowId":"GgwMpoASv87xUTYU","workflowName":"My workflow"}}
{"__type":"$$EventMessageConfirm","confirm":"43777eb5-4f49-40c6-bbcb-af7aaec101dd","ts":"2025-12-19T07:04:43.429-05:00","source":{"id":"0","name":"eventBus"}}
{"__type":"$$EventMessageWorkflow","id":"98c84f33-3638-4c4f-8ec4-78516224df4b","ts":"2025-12-19T07:04:50.873-05:00","eventName":"n8n.workflow.started","message":"n8n.workflow.started","payload":{"executionId":"17","workflowId":"GgwMpoASv87xUTYU","isManual":false,"workflowName":"My workflow"}}
{"__type":"$$EventMessageConfirm","confirm":"98c84f33-3638-4c4f-8ec4-78516224df4b","ts":"2025-12-19T07:04:50.874-05:00","source":{"id":"0","name":"eventBus"}}
{"__type":"$$EventMessageNode","id":"e6eca017-7b6d-4ba3-9926-0766c137a544","ts":"2025-12-19T07:04:50.875-05:00","eventName":"n8n.node.started","message":"n8n.node.started","payload":{"workflowId":"GgwMpoASv87xUTYU","workflowName":"My workflow","executionId":"17","nodeType":"n8n-nodes-base.manualTrigger","nodeName":"When clicking ‘Execute workflow’","nodeId":"2c3a6a46-efdb-4393-bc9d-fc27a82d9651"}}
{"__type":"$$EventMessageConfirm","confirm":"e6eca017-7b6d-4ba3-9926-0766c137a544","ts":"2025-12-19T07:04:50.875-05:00","source":{"id":"0","name":"eventBus"}}
{"__type":"$$EventMessageNode","id":"0a47b31a-84b6-42cc-a837-09057bf3cd47","ts":"2025-12-19T07:04:50.878-05:00","eventName":"n8n.node.finished","message":"n8n.node.finished","payload":{"workflowId":"GgwMpoASv87xUTYU","workflowName":"My workflow","executionId":"17","nodeType":"n8n-nodes-base.manualTrigger","nodeName":"When clicking ‘Execute workflow’","nodeId":"2c3a6a46-efdb-4393-bc9d-fc27a82d9651"}}
{"__type":"$$EventMessageConfirm","confirm":"0a47b31a-84b6-42cc-a837-09057bf3cd47","ts":"2025-12-19T07:04:50.878-05:00","source":{"id":"0","name":"eventBus"}}
{"__type":"$$EventMessageNode","id":"11efc6d8-74ee-4bd6-95ab-ab87d3f59029","ts":"2025-12-19T07:04:50.880-05:00","eventName":"n8n.node.started","message":"n8n.node.started","payload":{"workflowId":"GgwMpoASv87xUTYU","workflowName":"My workflow","executionId":"17","nodeType":"n8n-nodes-base.readWriteFile","nodeName":"Read/Write Files from Disk","nodeId":"8a687587-a7f3-4ab0-83a3-9ff961c4ec07"}}
{"__type":"$$EventMessageConfirm","confirm":"11efc6d8-74ee-4bd6-95ab-ab87d3f59029","ts":"2025-12-19T07:04:50.880-05:00","source":{"id":"0","name":"eventBus"}}
{"__type":"$$EventMessageNode","id":"62b6e03f-a456-4d09-8ece-816b9afcaab2","ts":"2025-12-19T07:04:50.891-05:00","eventName":"n8n.node.finished","message":"n8n.node.finished","payload":{"workflowId":"GgwMpoASv87xUTYU","workflowName":"My workflow","executionId":"17","nodeType":"n8n-nodes-base.readWriteFile","nodeName":"Read/Write Files from Disk","nodeId":"8a687587-a7f3-4ab0-83a3-9ff961c4ec07"}}
{"__type":"$$EventMessageConfirm","confirm":"62b6e03f-a456-4d09-8ece-816b9afcaab2","ts":"2025-12-19T07:04:50.892-05:00","source":{"id":"0","name":"eventBus"}}
{"__type":"$$EventMessageNode","id":"e4dbab10-6f0e-4e69-9213-db767216e93b","ts":"2025-12-19T07:04:50.893-05:00","eventName":"n8n.node.started","message":"n8n.node.started","payload":{"workflowId":"GgwMpoASv87xUTYU","workflowName":"My workflow","executionId":"17","nodeType":"n8n-nodes-base.extractFromFile","nodeName":"Extract from File","nodeId":"0a35f6e6-3467-4c9a-afaa-5ae85f76e113"}}
{"__type":"$$EventMessageConfirm","confirm":"e4dbab10-6f0e-4e69-9213-db767216e93b","ts":"2025-12-19T07:04:50.893-05:00","source":{"id":"0","name":"eventBus"}}
{"__type":"$$EventMessageNode","id":"779e8dd0-f93e-4724-a113-da53d6ca5d0b","ts":"2025-12-19T07:04:50.908-05:00","eventName":"n8n.node.finished","message":"n8n.node.finished","payload":{"workflowId":"GgwMpoASv87xUTYU","workflowName":"My workflow","executionId":"17","nodeType":"n8n-nodes-base.extractFromFile","nodeName":"Extract from File","nodeId":"0a35f6e6-3467-4c9a-afaa-5ae85f76e113"}}
{"__type":"$$EventMessageConfirm","confirm":"779e8dd0-f93e-4724-a113-da53d6ca5d0b","ts":"2025-12-19T07:04:50.908-05:00","source":{"id":"0","name":"eventBus"}}
{"__type":"$$EventMessageNode","id":"ca068f31-f2f5-4db9-b970-bc08ca8120cb","ts":"2025-12-19T07:04:50.910-05:00","eventName":"n8n.node.started","message":"n8n.node.started","payload":{"workflowId":"GgwMpoASv87xUTYU","workflowName":"My workflow","executionId":"17","nodeType":"n8n-nodes-base.readWriteFile","nodeName":"Read/Write Files from Disk1","nodeId":"eac75409-68bc-434e-8f0c-c81e6785cc77"}}
{"__type":"$$EventMessageConfirm","confirm":"ca068f31-f2f5-4db9-b970-bc08ca8120cb","ts":"2025-12-19T07:04:50.910-05:00","source":{"id":"0","name":"eventBus"}}
{"__type":"$$EventMessageNode","id":"b3eede7a-04d7-4aed-9010-d58b1c9e3975","ts":"2025-12-19T07:04:50.952-05:00","eventName":"n8n.node.finished","message":"n8n.node.finished","payload":{"workflowId":"GgwMpoASv87xUTYU","workflowName":"My workflow","executionId":"17","nodeType":"n8n-nodes-base.readWriteFile","nodeName":"Read/Write Files from Disk1","nodeId":"eac75409-68bc-434e-8f0c-c81e6785cc77"}}
{"__type":"$$EventMessageConfirm","confirm":"b3eede7a-04d7-4aed-9010-d58b1c9e3975","ts":"2025-12-19T07:04:50.952-05:00","source":{"id":"0","name":"eventBus"}}
{"__type":"$$EventMessageNode","id":"13fb8c8d-6264-4aab-9b5f-4c03cf4dbb2a","ts":"2025-12-19T07:04:50.954-05:00","eventName":"n8n.node.started","message":"n8n.node.started","payload":{"workflowId":"GgwMpoASv87xUTYU","workflowName":"My workflow","executionId":"17","nodeType":"n8n-nodes-base.extractFromFile","nodeName":"Extract from File1","nodeId":"059f9e79-72e6-40b0-9491-8256be90c8c0"}}
{"__type":"$$EventMessageConfirm","confirm":"13fb8c8d-6264-4aab-9b5f-4c03cf4dbb2a","ts":"2025-12-19T07:04:50.954-05:00","source":{"id":"0","name":"eventBus"}}
{"__type":"$$EventMessageNode","id":"1b54f42c-1939-47f6-85f4-75656840f32b","ts":"2025-12-19T07:04:50.974-05:00","eventName":"n8n.node.finished","message":"n8n.node.finished","payload":{"workflowId":"GgwMpoASv87xUTYU","workflowName":"My workflow","executionId":"17","nodeType":"n8n-nodes-base.extractFromFile","nodeName":"Extract from File1","nodeId":"059f9e79-72e6-40b0-9491-8256be90c8c0"}}
{"__type":"$$EventMessageConfirm","confirm":"1b54f42c-1939-47f6-85f4-75656840f32b","ts":"2025-12-19T07:04:50.974-05:00","source":{"id":"0","name":"eventBus"}}
{"__type":"$$EventMessageNode","id":"90bac7a5-2b0f-4b44-886a-e8eec23e624e","ts":"2025-12-19T07:04:50.975-05:00","eventName":"n8n.node.started","message":"n8n.node.started","payload":{"workflowId":"GgwMpoASv87xUTYU","workflowName":"My workflow","executionId":"17","nodeType":"n8n-nodes-base.splitOut","nodeName":"Split Out","nodeId":"8bd98dbc-4c54-4244-8149-5b6776a69726"}}
{"__type":"$$EventMessageConfirm","confirm":"90bac7a5-2b0f-4b44-886a-e8eec23e624e","ts":"2025-12-19T07:04:50.976-05:00","source":{"id":"0","name":"eventBus"}}
{"__type":"$$EventMessageNode","id":"5f14bde5-f2e2-40e6-97c8-52b70e6b17a6","ts":"2025-12-19T07:04:50.977-05:00","eventName":"n8n.node.finished","message":"n8n.node.finished","payload":{"workflowId":"GgwMpoASv87xUTYU","workflowName":"My workflow","executionId":"17","nodeType":"n8n-nodes-base.splitOut","nodeName":"Split Out","nodeId":"8bd98dbc-4c54-4244-8149-5b6776a69726"}}
{"__type":"$$EventMessageConfirm","confirm":"5f14bde5-f2e2-40e6-97c8-52b70e6b17a6","ts":"2025-12-19T07:04:50.977-05:00","source":{"id":"0","name":"eventBus"}}
{"__type":"$$EventMessageNode","id":"26ce7504-4938-4753-9026-349a5b652f38","ts":"2025-12-19T07:04:50.988-05:00","eventName":"n8n.node.started","message":"n8n.node.started","payload":{"workflowId":"GgwMpoASv87xUTYU","workflowName":"My workflow","executionId":"17","nodeType":"n8n-nodes-base.merge","nodeName":"Merge","nodeId":"77ffd6a2-d56d-4c64-acb9-1789e7a04fb5"}}
{"__type":"$$EventMessageConfirm","confirm":"26ce7504-4938-4753-9026-349a5b652f38","ts":"2025-12-19T07:04:50.988-05:00","source":{"id":"0","name":"eventBus"}}
{"__type":"$$EventMessageNode","id":"a74ecc72-7f55-4a2d-90aa-1e5b9ee08db3","ts":"2025-12-19T07:04:51.004-05:00","eventName":"n8n.node.finished","message":"n8n.node.finished","payload":{"workflowId":"GgwMpoASv87xUTYU","workflowName":"My workflow","executionId":"17","nodeType":"n8n-nodes-base.merge","nodeName":"Merge","nodeId":"77ffd6a2-d56d-4c64-acb9-1789e7a04fb5"}}
{"__type":"$$EventMessageConfirm","confirm":"a74ecc72-7f55-4a2d-90aa-1e5b9ee08db3","ts":"2025-12-19T07:04:51.004-05:00","source":{"id":"0","name":"eventBus"}}
{"__type":"$$EventMessageWorkflow","id":"c463f18f-b1e4-4359-89ab-042011f755e7","ts":"2025-12-19T07:04:51.020-05:00","eventName":"n8n.workflow.success","message":"n8n.workflow.success","payload":{"userId":"e2f4d222-e080-406b-a748-2cbf49f18af0","executionId":"17","success":true,"isManual":true,"workflowId":"GgwMpoASv87xUTYU","workflowName":"My workflow"}}
{"__type":"$$EventMessageConfirm","confirm":"c463f18f-b1e4-4359-89ab-042011f755e7","ts":"2025-12-19T07:04:51.020-05:00","source":{"id":"0","name":"eventBus"}}
{"__type":"$$EventMessageWorkflow","id":"df940093-95be-4aec-bea3-62ad35ba44a9","ts":"2025-12-19T07:09:52.313-05:00","eventName":"n8n.workflow.started","message":"n8n.workflow.started","payload":{"executionId":"18","workflowId":"GgwMpoASv87xUTYU","isManual":false,"workflowName":"My workflow"}}
{"__type":"$$EventMessageConfirm","confirm":"df940093-95be-4aec-bea3-62ad35ba44a9","ts":"2025-12-19T07:09:52.313-05:00","source":{"id":"0","name":"eventBus"}}
{"__type":"$$EventMessageNode","id":"d17d072b-80b7-491e-a231-14be03cf2c8d","ts":"2025-12-19T07:09:52.317-05:00","eventName":"n8n.node.started","message":"n8n.node.started","payload":{"workflowId":"GgwMpoASv87xUTYU","workflowName":"My workflow","executionId":"18","nodeType":"n8n-nodes-base.filter","nodeName":"Filter","nodeId":"0b25f86a-968b-4a1b-9ba6-b3417607ad64"}}
{"__type":"$$EventMessageConfirm","confirm":"d17d072b-80b7-491e-a231-14be03cf2c8d","ts":"2025-12-19T07:09:52.318-05:00","source":{"id":"0","name":"eventBus"}}
{"__type":"$$EventMessageNode","id":"3a671396-4299-43e6-a187-5e0e3f638aa9","ts":"2025-12-19T07:09:52.422-05:00","eventName":"n8n.node.finished","message":"n8n.node.finished","payload":{"workflowId":"GgwMpoASv87xUTYU","workflowName":"My workflow","executionId":"18","nodeType":"n8n-nodes-base.filter","nodeName":"Filter","nodeId":"0b25f86a-968b-4a1b-9ba6-b3417607ad64"}}
{"__type":"$$EventMessageConfirm","confirm":"3a671396-4299-43e6-a187-5e0e3f638aa9","ts":"2025-12-19T07:09:52.422-05:00","source":{"id":"0","name":"eventBus"}}
{"__type":"$$EventMessageWorkflow","id":"3e230d25-47b3-4501-a41f-c8cf43906bc2","ts":"2025-12-19T07:09:52.427-05:00","eventName":"n8n.workflow.success","message":"n8n.workflow.success","payload":{"userId":"e2f4d222-e080-406b-a748-2cbf49f18af0","executionId":"18","success":true,"isManual":true,"workflowId":"GgwMpoASv87xUTYU","workflowName":"My workflow"}}
{"__type":"$$EventMessageConfirm","confirm":"3e230d25-47b3-4501-a41f-c8cf43906bc2","ts":"2025-12-19T07:09:52.428-05:00","source":{"id":"0","name":"eventBus"}}
{"__type":"$$EventMessageWorkflow","id":"c40cad2f-27f5-45d9-89e6-33a4a2eee4dd","ts":"2025-12-19T07:14:39.541-05:00","eventName":"n8n.workflow.started","message":"n8n.workflow.started","payload":{"executionId":"19","workflowId":"GgwMpoASv87xUTYU","isManual":false,"workflowName":"My workflow"}}
{"__type":"$$EventMessageConfirm","confirm":"c40cad2f-27f5-45d9-89e6-33a4a2eee4dd","ts":"2025-12-19T07:14:39.541-05:00","source":{"id":"0","name":"eventBus"}}
{"__type":"$$EventMessageNode","id":"c366c988-2c98-4c54-90b8-99f03066f237","ts":"2025-12-19T07:14:39.548-05:00","eventName":"n8n.node.started","message":"n8n.node.started","payload":{"workflowId":"GgwMpoASv87xUTYU","workflowName":"My workflow","executionId":"19","nodeType":"n8n-nodes-base.set","nodeName":"Edit Fields","nodeId":"5a5364f1-986d-47f8-b7d4-36c1e522ce0e"}}
{"__type":"$$EventMessageConfirm","confirm":"c366c988-2c98-4c54-90b8-99f03066f237","ts":"2025-12-19T07:14:39.548-05:00","source":{"id":"0","name":"eventBus"}}
{"__type":"$$EventMessageNode","id":"b01101a0-7aa6-42f1-8472-25dae7f27637","ts":"2025-12-19T07:14:39.589-05:00","eventName":"n8n.node.finished","message":"n8n.node.finished","payload":{"workflowId":"GgwMpoASv87xUTYU","workflowName":"My workflow","executionId":"19","nodeType":"n8n-nodes-base.set","nodeName":"Edit Fields","nodeId":"5a5364f1-986d-47f8-b7d4-36c1e522ce0e"}}
{"__type":"$$EventMessageConfirm","confirm":"b01101a0-7aa6-42f1-8472-25dae7f27637","ts":"2025-12-19T07:14:39.589-05:00","source":{"id":"0","name":"eventBus"}}
{"__type":"$$EventMessageWorkflow","id":"3d6ac593-60db-4066-9a27-fd9366adfcba","ts":"2025-12-19T07:14:39.598-05:00","eventName":"n8n.workflow.success","message":"n8n.workflow.success","payload":{"userId":"e2f4d222-e080-406b-a748-2cbf49f18af0","executionId":"19","success":true,"isManual":true,"workflowId":"GgwMpoASv87xUTYU","workflowName":"My workflow"}}
{"__type":"$$EventMessageConfirm","confirm":"3d6ac593-60db-4066-9a27-fd9366adfcba","ts":"2025-12-19T07:14:39.598-05:00","source":{"id":"0","name":"eventBus"}}
{"__type":"$$EventMessageWorkflow","id":"d25923c8-e4fa-43b2-a9de-496e322e0da0","ts":"2025-12-19T07:16:17.266-05:00","eventName":"n8n.workflow.started","message":"n8n.workflow.started","payload":{"executionId":"20","workflowId":"GgwMpoASv87xUTYU","isManual":false,"workflowName":"My workflow"}}
{"__type":"$$EventMessageConfirm","confirm":"d25923c8-e4fa-43b2-a9de-496e322e0da0","ts":"2025-12-19T07:16:17.266-05:00","source":{"id":"0","name":"eventBus"}}
{"__type":"$$EventMessageNode","id":"c3b90870-ac84-4735-a55e-8e93703ee72b","ts":"2025-12-19T07:16:17.272-05:00","eventName":"n8n.node.started","message":"n8n.node.started","payload":{"workflowId":"GgwMpoASv87xUTYU","workflowName":"My workflow","executionId":"20","nodeType":"n8n-nodes-base.set","nodeName":"Edit Fields","nodeId":"5a5364f1-986d-47f8-b7d4-36c1e522ce0e"}}
{"__type":"$$EventMessageConfirm","confirm":"c3b90870-ac84-4735-a55e-8e93703ee72b","ts":"2025-12-19T07:16:17.272-05:00","source":{"id":"0","name":"eventBus"}}
{"__type":"$$EventMessageNode","id":"94074867-a2a9-43fe-b5da-1db0b5184b24","ts":"2025-12-19T07:16:17.288-05:00","eventName":"n8n.node.finished","message":"n8n.node.finished","payload":{"workflowId":"GgwMpoASv87xUTYU","workflowName":"My workflow","executionId":"20","nodeType":"n8n-nodes-base.set","nodeName":"Edit Fields","nodeId":"5a5364f1-986d-47f8-b7d4-36c1e522ce0e"}}
{"__type":"$$EventMessageConfirm","confirm":"94074867-a2a9-43fe-b5da-1db0b5184b24","ts":"2025-12-19T07:16:17.288-05:00","source":{"id":"0","name":"eventBus"}}
{"__type":"$$EventMessageWorkflow","id":"9af83db2-2fb6-48c3-a7f8-c66a92b785e3","ts":"2025-12-19T07:16:17.302-05:00","eventName":"n8n.workflow.success","message":"n8n.workflow.success","payload":{"userId":"e2f4d222-e080-406b-a748-2cbf49f18af0","executionId":"20","success":true,"isManual":true,"workflowId":"GgwMpoASv87xUTYU","workflowName":"My workflow"}}
{"__type":"$$EventMessageConfirm","confirm":"9af83db2-2fb6-48c3-a7f8-c66a92b785e3","ts":"2025-12-19T07:16:17.303-05:00","source":{"id":"0","name":"eventBus"}}
{"__type":"$$EventMessageAudit","id":"6b633d4d-76fa-4dc6-a9a4-81003c423b5a","ts":"2025-12-19T07:35:04.869-05:00","eventName":"n8n.audit.user.credentials.created","message":"n8n.audit.user.credentials.created","payload":{"userId":"e2f4d222-e080-406b-a748-2cbf49f18af0","_email":"guillermosiaira@gmail.com","_firstName":"Guillermo","_lastName":"Siaira","globalRole":"global:owner","credentialType":"postgres","credentialId":"OH8dAdrSy4bPjDVr","publicApi":false,"projectId":"re6hUmkgE3ax3W2j","projectType":"personal"}}
{"__type":"$$EventMessageConfirm","confirm":"6b633d4d-76fa-4dc6-a9a4-81003c423b5a","ts":"2025-12-19T07:35:04.869-05:00","source":{"id":"0","name":"eventBus"}}
{"__type":"$$EventMessageWorkflow","id":"4678e783-1cc1-4adc-9c57-13829230d3b9","ts":"2025-12-19T07:36:07.207-05:00","eventName":"n8n.workflow.failed","message":"n8n.workflow.failed","payload":{"userId":"e2f4d222-e080-406b-a748-2cbf49f18af0","executionId":"21","success":false,"isManual":true,"workflowId":"GgwMpoASv87xUTYU","workflowName":"My workflow","errorMessage":"The workflow has issues and cannot be executed for that reason. Please fix them first."}}
{"__type":"$$EventMessageConfirm","confirm":"4678e783-1cc1-4adc-9c57-13829230d3b9","ts":"2025-12-19T07:36:07.208-05:00","source":{"id":"0","name":"eventBus"}}
{"__type":"$$EventMessageWorkflow","id":"25ee1902-098a-4049-b82b-964fcd10ed58","ts":"2025-12-19T07:36:24.677-05:00","eventName":"n8n.workflow.started","message":"n8n.workflow.started","payload":{"executionId":"22","workflowId":"GgwMpoASv87xUTYU","isManual":false,"workflowName":"My workflow"}}
{"__type":"$$EventMessageConfirm","confirm":"25ee1902-098a-4049-b82b-964fcd10ed58","ts":"2025-12-19T07:36:24.677-05:00","source":{"id":"0","name":"eventBus"}}
{"__type":"$$EventMessageNode","id":"92d41115-aa1c-4591-aec3-7d0db8adc6b9","ts":"2025-12-19T07:36:24.679-05:00","eventName":"n8n.node.started","message":"n8n.node.started","payload":{"workflowId":"GgwMpoASv87xUTYU","workflowName":"My workflow","executionId":"22","nodeType":"n8n-nodes-base.manualTrigger","nodeName":"When clicking ‘Execute workflow’","nodeId":"2c3a6a46-efdb-4393-bc9d-fc27a82d9651"}}
{"__type":"$$EventMessageConfirm","confirm":"92d41115-aa1c-4591-aec3-7d0db8adc6b9","ts":"2025-12-19T07:36:24.679-05:00","source":{"id":"0","name":"eventBus"}}
{"__type":"$$EventMessageNode","id":"65775308-1d06-473c-8dfa-e2a48d043d6a","ts":"2025-12-19T07:36:24.690-05:00","eventName":"n8n.node.finished","message":"n8n.node.finished","payload":{"workflowId":"GgwMpoASv87xUTYU","workflowName":"My workflow","executionId":"22","nodeType":"n8n-nodes-base.manualTrigger","nodeName":"When clicking ‘Execute workflow’","nodeId":"2c3a6a46-efdb-4393-bc9d-fc27a82d9651"}}
{"__type":"$$EventMessageConfirm","confirm":"65775308-1d06-473c-8dfa-e2a48d043d6a","ts":"2025-12-19T07:36:24.690-05:00","source":{"id":"0","name":"eventBus"}}
{"__type":"$$EventMessageNode","id":"bba60483-8d6d-425e-9c35-d5eb96170e91","ts":"2025-12-19T07:36:24.692-05:00","eventName":"n8n.node.started","message":"n8n.node.started","payload":{"workflowId":"GgwMpoASv87xUTYU","workflowName":"My workflow","executionId":"22","nodeType":"n8n-nodes-base.readWriteFile","nodeName":"Read/Write Files from Disk","nodeId":"8a687587-a7f3-4ab0-83a3-9ff961c4ec07"}}
{"__type":"$$EventMessageConfirm","confirm":"bba60483-8d6d-425e-9c35-d5eb96170e91","ts":"2025-12-19T07:36:24.692-05:00","source":{"id":"0","name":"eventBus"}}
{"__type":"$$EventMessageNode","id":"007a1ad0-93c7-48b7-a932-3c88caa3ba3b","ts":"2025-12-19T07:36:24.745-05:00","eventName":"n8n.node.finished","message":"n8n.node.finished","payload":{"workflowId":"GgwMpoASv87xUTYU","workflowName":"My workflow","executionId":"22","nodeType":"n8n-nodes-base.readWriteFile","nodeName":"Read/Write Files from Disk","nodeId":"8a687587-a7f3-4ab0-83a3-9ff961c4ec07"}}
{"__type":"$$EventMessageConfirm","confirm":"007a1ad0-93c7-48b7-a932-3c88caa3ba3b","ts":"2025-12-19T07:36:24.745-05:00","source":{"id":"0","name":"eventBus"}}
{"__type":"$$EventMessageNode","id":"2689dc0a-9bed-4cbe-a42b-daa76c771b2a","ts":"2025-12-19T07:36:24.747-05:00","eventName":"n8n.node.started","message":"n8n.node.started","payload":{"workflowId":"GgwMpoASv87xUTYU","workflowName":"My workflow","executionId":"22","nodeType":"n8n-nodes-base.extractFromFile","nodeName":"Extract from File","nodeId":"0a35f6e6-3467-4c9a-afaa-5ae85f76e113"}}
{"__type":"$$EventMessageConfirm","confirm":"2689dc0a-9bed-4cbe-a42b-daa76c771b2a","ts":"2025-12-19T07:36:24.747-05:00","source":{"id":"0","name":"eventBus"}}
{"__type":"$$EventMessageNode","id":"cf95b37c-b386-470f-88ed-7bb638582551","ts":"2025-12-19T07:36:24.764-05:00","eventName":"n8n.node.finished","message":"n8n.node.finished","payload":{"workflowId":"GgwMpoASv87xUTYU","workflowName":"My workflow","executionId":"22","nodeType":"n8n-nodes-base.extractFromFile","nodeName":"Extract from File","nodeId":"0a35f6e6-3467-4c9a-afaa-5ae85f76e113"}}
{"__type":"$$EventMessageConfirm","confirm":"cf95b37c-b386-470f-88ed-7bb638582551","ts":"2025-12-19T07:36:24.765-05:00","source":{"id":"0","name":"eventBus"}}
{"__type":"$$EventMessageNode","id":"c954d6d1-d939-4330-94f6-2eed310e5f67","ts":"2025-12-19T07:36:24.767-05:00","eventName":"n8n.node.started","message":"n8n.node.started","payload":{"workflowId":"GgwMpoASv87xUTYU","workflowName":"My workflow","executionId":"22","nodeType":"n8n-nodes-base.readWriteFile","nodeName":"Read/Write Files from Disk1","nodeId":"eac75409-68bc-434e-8f0c-c81e6785cc77"}}
{"__type":"$$EventMessageConfirm","confirm":"c954d6d1-d939-4330-94f6-2eed310e5f67","ts":"2025-12-19T07:36:24.767-05:00","source":{"id":"0","name":"eventBus"}}
{"__type":"$$EventMessageNode","id":"50fdacdc-8f60-431a-8e3e-90a03670f8ff","ts":"2025-12-19T07:36:25.212-05:00","eventName":"n8n.node.finished","message":"n8n.node.finished","payload":{"workflowId":"GgwMpoASv87xUTYU","workflowName":"My workflow","executionId":"22","nodeType":"n8n-nodes-base.readWriteFile","nodeName":"Read/Write Files from Disk1","nodeId":"eac75409-68bc-434e-8f0c-c81e6785cc77"}}
{"__type":"$$EventMessageConfirm","confirm":"50fdacdc-8f60-431a-8e3e-90a03670f8ff","ts":"2025-12-19T07:36:25.212-05:00","source":{"id":"0","name":"eventBus"}}
{"__type":"$$EventMessageNode","id":"29dabe60-e016-482a-abb7-2facdb75ea75","ts":"2025-12-19T07:36:25.213-05:00","eventName":"n8n.node.started","message":"n8n.node.started","payload":{"workflowId":"GgwMpoASv87xUTYU","workflowName":"My workflow","executionId":"22","nodeType":"n8n-nodes-base.extractFromFile","nodeName":"Extract from File1","nodeId":"059f9e79-72e6-40b0-9491-8256be90c8c0"}}
{"__type":"$$EventMessageConfirm","confirm":"29dabe60-e016-482a-abb7-2facdb75ea75","ts":"2025-12-19T07:36:25.213-05:00","source":{"id":"0","name":"eventBus"}}
{"__type":"$$EventMessageNode","id":"dd80c0b8-1b4a-4ad3-ac32-1d0682601599","ts":"2025-12-19T07:36:25.321-05:00","eventName":"n8n.node.finished","message":"n8n.node.finished","payload":{"workflowId":"GgwMpoASv87xUTYU","workflowName":"My workflow","executionId":"22","nodeType":"n8n-nodes-base.extractFromFile","nodeName":"Extract from File1","nodeId":"059f9e79-72e6-40b0-9491-8256be90c8c0"}}
{"__type":"$$EventMessageConfirm","confirm":"dd80c0b8-1b4a-4ad3-ac32-1d0682601599","ts":"2025-12-19T07:36:25.321-05:00","source":{"id":"0","name":"eventBus"}}
{"__type":"$$EventMessageNode","id":"b9759665-5282-4415-90a8-679411a82b17","ts":"2025-12-19T07:36:25.322-05:00","eventName":"n8n.node.started","message":"n8n.node.started","payload":{"workflowId":"GgwMpoASv87xUTYU","workflowName":"My workflow","executionId":"22","nodeType":"n8n-nodes-base.splitOut","nodeName":"Split Out","nodeId":"8bd98dbc-4c54-4244-8149-5b6776a69726"}}
{"__type":"$$EventMessageConfirm","confirm":"b9759665-5282-4415-90a8-679411a82b17","ts":"2025-12-19T07:36:25.322-05:00","source":{"id":"0","name":"eventBus"}}
{"__type":"$$EventMessageNode","id":"06c949eb-73bd-4b41-b749-fb1e3b638cfa","ts":"2025-12-19T07:36:25.333-05:00","eventName":"n8n.node.finished","message":"n8n.node.finished","payload":{"workflowId":"GgwMpoASv87xUTYU","workflowName":"My workflow","executionId":"22","nodeType":"n8n-nodes-base.splitOut","nodeName":"Split Out","nodeId":"8bd98dbc-4c54-4244-8149-5b6776a69726"}}
{"__type":"$$EventMessageConfirm","confirm":"06c949eb-73bd-4b41-b749-fb1e3b638cfa","ts":"2025-12-19T07:36:25.333-05:00","source":{"id":"0","name":"eventBus"}}
{"__type":"$$EventMessageNode","id":"3b002af2-6030-4d81-b1de-e8c457f36708","ts":"2025-12-19T07:36:25.334-05:00","eventName":"n8n.node.started","message":"n8n.node.started","payload":{"workflowId":"GgwMpoASv87xUTYU","workflowName":"My workflow","executionId":"22","nodeType":"n8n-nodes-base.merge","nodeName":"Merge","nodeId":"77ffd6a2-d56d-4c64-acb9-1789e7a04fb5"}}
{"__type":"$$EventMessageConfirm","confirm":"3b002af2-6030-4d81-b1de-e8c457f36708","ts":"2025-12-19T07:36:25.334-05:00","source":{"id":"0","name":"eventBus"}}
{"__type":"$$EventMessageNode","id":"2214d404-d6ae-47b9-9455-cc7708402aa3","ts":"2025-12-19T07:36:25.348-05:00","eventName":"n8n.node.finished","message":"n8n.node.finished","payload":{"workflowId":"GgwMpoASv87xUTYU","workflowName":"My workflow","executionId":"22","nodeType":"n8n-nodes-base.merge","nodeName":"Merge","nodeId":"77ffd6a2-d56d-4c64-acb9-1789e7a04fb5"}}
{"__type":"$$EventMessageConfirm","confirm":"2214d404-d6ae-47b9-9455-cc7708402aa3","ts":"2025-12-19T07:36:25.348-05:00","source":{"id":"0","name":"eventBus"}}
{"__type":"$$EventMessageNode","id":"eef444ea-72e6-406b-b3f1-f3468491e67a","ts":"2025-12-19T07:36:25.349-05:00","eventName":"n8n.node.started","message":"n8n.node.started","payload":{"workflowId":"GgwMpoASv87xUTYU","workflowName":"My workflow","executionId":"22","nodeType":"n8n-nodes-base.filter","nodeName":"Filter","nodeId":"0b25f86a-968b-4a1b-9ba6-b3417607ad64"}}
{"__type":"$$EventMessageConfirm","confirm":"eef444ea-72e6-406b-b3f1-f3468491e67a","ts":"2025-12-19T07:36:25.349-05:00","source":{"id":"0","name":"eventBus"}}
{"__type":"$$EventMessageNode","id":"c1107798-3980-4fbf-b134-8fbe777c9ef3","ts":"2025-12-19T07:36:25.406-05:00","eventName":"n8n.node.finished","message":"n8n.node.finished","payload":{"workflowId":"GgwMpoASv87xUTYU","workflowName":"My workflow","executionId":"22","nodeType":"n8n-nodes-base.filter","nodeName":"Filter","nodeId":"0b25f86a-968b-4a1b-9ba6-b3417607ad64"}}
{"__type":"$$EventMessageConfirm","confirm":"c1107798-3980-4fbf-b134-8fbe777c9ef3","ts":"2025-12-19T07:36:25.406-05:00","source":{"id":"0","name":"eventBus"}}
{"__type":"$$EventMessageNode","id":"b0370ea7-c483-42f3-b2c1-3c353b71d346","ts":"2025-12-19T07:36:25.407-05:00","eventName":"n8n.node.started","message":"n8n.node.started","payload":{"workflowId":"GgwMpoASv87xUTYU","workflowName":"My workflow","executionId":"22","nodeType":"n8n-nodes-base.set","nodeName":"Edit Fields","nodeId":"5a5364f1-986d-47f8-b7d4-36c1e522ce0e"}}
{"__type":"$$EventMessageConfirm","confirm":"b0370ea7-c483-42f3-b2c1-3c353b71d346","ts":"2025-12-19T07:36:25.408-05:00","source":{"id":"0","name":"eventBus"}}
{"__type":"$$EventMessageNode","id":"b3839d4d-9b1e-4c6c-9e18-08f56f80aafc","ts":"2025-12-19T07:36:25.425-05:00","eventName":"n8n.node.finished","message":"n8n.node.finished","payload":{"workflowId":"GgwMpoASv87xUTYU","workflowName":"My workflow","executionId":"22","nodeType":"n8n-nodes-base.set","nodeName":"Edit Fields","nodeId":"5a5364f1-986d-47f8-b7d4-36c1e522ce0e"}}
{"__type":"$$EventMessageConfirm","confirm":"b3839d4d-9b1e-4c6c-9e18-08f56f80aafc","ts":"2025-12-19T07:36:25.425-05:00","source":{"id":"0","name":"eventBus"}}
{"__type":"$$EventMessageWorkflow","id":"728806ad-3412-4a97-a85b-41e6e0dd0d7d","ts":"2025-12-19T07:36:25.440-05:00","eventName":"n8n.workflow.success","message":"n8n.workflow.success","payload":{"userId":"e2f4d222-e080-406b-a748-2cbf49f18af0","executionId":"22","success":true,"isManual":true,"workflowId":"GgwMpoASv87xUTYU","workflowName":"My workflow"}}
{"__type":"$$EventMessageConfirm","confirm":"728806ad-3412-4a97-a85b-41e6e0dd0d7d","ts":"2025-12-19T07:36:25.440-05:00","source":{"id":"0","name":"eventBus"}}
{"__type":"$$EventMessageWorkflow","id":"9b1ff438-9593-4e2d-b5fb-4bfc7cdfe832","ts":"2025-12-19T07:41:34.297-05:00","eventName":"n8n.workflow.started","message":"n8n.workflow.started","payload":{"executionId":"23","workflowId":"GgwMpoASv87xUTYU","isManual":false,"workflowName":"My workflow"}}
{"__type":"$$EventMessageConfirm","confirm":"9b1ff438-9593-4e2d-b5fb-4bfc7cdfe832","ts":"2025-12-19T07:41:34.297-05:00","source":{"id":"0","name":"eventBus"}}
{"__type":"$$EventMessageNode","id":"485e44f7-7785-4ea1-a1ac-05b83ccd49e9","ts":"2025-12-19T07:41:34.304-05:00","eventName":"n8n.node.started","message":"n8n.node.started","payload":{"workflowId":"GgwMpoASv87xUTYU","workflowName":"My workflow","executionId":"23","nodeType":"n8n-nodes-base.postgres","nodeName":"Insert rows in a table","nodeId":"7e11692b-748e-443e-a6b7-e46fa4c07fa1"}}
{"__type":"$$EventMessageConfirm","confirm":"485e44f7-7785-4ea1-a1ac-05b83ccd49e9","ts":"2025-12-19T07:41:34.304-05:00","source":{"id":"0","name":"eventBus"}}
{"__type":"$$EventMessageNode","id":"4e5b271f-d23d-4f31-b8cc-f55273adacbd","ts":"2025-12-19T07:41:34.600-05:00","eventName":"n8n.node.finished","message":"n8n.node.finished","payload":{"workflowId":"GgwMpoASv87xUTYU","workflowName":"My workflow","executionId":"23","nodeType":"n8n-nodes-base.postgres","nodeName":"Insert rows in a table","nodeId":"7e11692b-748e-443e-a6b7-e46fa4c07fa1"}}
{"__type":"$$EventMessageConfirm","confirm":"4e5b271f-d23d-4f31-b8cc-f55273adacbd","ts":"2025-12-19T07:41:34.601-05:00","source":{"id":"0","name":"eventBus"}}
{"__type":"$$EventMessageWorkflow","id":"919e2a59-5b8b-4cac-bc66-9223ba32e931","ts":"2025-12-19T07:41:34.606-05:00","eventName":"n8n.workflow.success","message":"n8n.workflow.success","payload":{"userId":"e2f4d222-e080-406b-a748-2cbf49f18af0","executionId":"23","success":true,"isManual":true,"workflowId":"GgwMpoASv87xUTYU","workflowName":"My workflow"}}
{"__type":"$$EventMessageConfirm","confirm":"919e2a59-5b8b-4cac-bc66-9223ba32e931","ts":"2025-12-19T07:41:34.606-05:00","source":{"id":"0","name":"eventBus"}}
